25/06/2022 11:24:59 : La route n'existe pas
25/06/2022 12:44:57 : La route n'existe pas
25/06/2022 13:01:06 : La route n'existe pas
25/06/2022 14:33:51 : La route n'existe pas
25/06/2022 16:14:57 : La route n'existe pas
29/06/2022 14:41:05 : SQLSTATE[HY000] [2002] Aucune connexion n’a pu être établie car l’ordinateur cible l’a expressément refusée
29/06/2022 14:41:07 : SQLSTATE[HY000] [2002] Aucune connexion n’a pu être établie car l’ordinateur cible l’a expressément refusée
29/06/2022 14:41:09 : SQLSTATE[HY000] [2002] Aucune connexion n’a pu être établie car l’ordinateur cible l’a expressément refusée
29/06/2022 14:41:11 : SQLSTATE[HY000] [2002] Aucune connexion n’a pu être établie car l’ordinateur cible l’a expressément refusée
29/06/2022 14:41:13 : SQLSTATE[HY000] [2002] Aucune connexion n’a pu être établie car l’ordinateur cible l’a expressément refusée
29/06/2022 14:41:15 : SQLSTATE[HY000] [2002] Aucune connexion n’a pu être établie car l’ordinateur cible l’a expressément refusée
29/06/2022 14:41:40 : SQLSTATE[HY000] [2002] Aucune connexion n’a pu être établie car l’ordinateur cible l’a expressément refusée
29/06/2022 14:41:53 : SQLSTATE[HY000] [2002] Aucune connexion n’a pu être établie car l’ordinateur cible l’a expressément refusée
29/06/2022 14:42:22 : SQLSTATE[HY000] [2002] Aucune connexion n’a pu être établie car l’ordinateur cible l’a expressément refusée
29/06/2022 14:42:48 : SQLSTATE[HY000] [2002] Aucune connexion n’a pu être établie car l’ordinateur cible l’a expressément refusée
29/06/2022 14:44:33 : SQLSTATE[HY000] [2002] Aucune connexion n’a pu être établie car l’ordinateur cible l’a expressément refusée
29/06/2022 14:45:19 : SQLSTATE[HY000] [2002] Aucune connexion n’a pu être établie car l’ordinateur cible l’a expressément refusée
29/06/2022 14:46:46 : SQLSTATE[HY000] [2002] Aucune connexion n’a pu être établie car l’ordinateur cible l’a expressément refusée
29/06/2022 14:47:04 : SQLSTATE[HY000] [2002] Aucune connexion n’a pu être établie car l’ordinateur cible l’a expressément refusée
29/06/2022 14:47:49 : SQLSTATE[HY000] [2002] Aucune connexion n’a pu être établie car l’ordinateur cible l’a expressément refusée
29/06/2022 14:48:33 : SQLSTATE[HY000] [2002] Aucune connexion n’a pu être établie car l’ordinateur cible l’a expressément refusée
29/06/2022 14:49:27 : SQLSTATE[HY000] [2002] Aucune connexion n’a pu être établie car l’ordinateur cible l’a expressément refusée
30/06/2022 14:21:57 : SQLSTATE[23000]: Integrity constraint violation: 1062 Duplicate entry 'samyrite@gmail.com' for key 'Mail'
30/06/2022 14:23:35 : SQLSTATE[42S22]: Column not found: 1054 Unknown column 'email' in 'where clause'
30/06/2022 14:29:29 : SQLSTATE[23000]: Integrity constraint violation: 1062 Duplicate entry 'sasasasa@gmail.com' for key 'Mail'
30/06/2022 14:34:21 : SQLSTATE[23000]: Integrity constraint violation: 1062 Duplicate entry 'azazaz@gmail.com' for key 'Mail'
30/06/2022 14:36:21 : La route n'existe pas
01/07/2022 09:23:30 : La route n'existe pas
01/07/2022 09:23:35 : La route n'existe pas
01/07/2022 09:36:01 : La route n'existe pas
01/07/2022 09:36:06 : La route n'existe pas
01/07/2022 10:37:37 : La route n'existe pas
01/07/2022 10:37:49 : La route n'existe pas
01/07/2022 10:38:33 : La route n'existe pas
01/07/2022 10:38:36 : La route n'existe pas
01/07/2022 10:48:56 : La route n'existe pas
01/07/2022 10:58:47 : La route n'existe pas
01/07/2022 11:00:28 : La route n'existe pas
01/07/2022 11:00:55 : La route n'existe pas
01/07/2022 11:02:18 : La route n'existe pas
